<?xml version="1.0" encoding="UTF-8"?>
<!-- Generated by org.testng.reporters.JUnitReportReporter -->
<testsuite hostname="Dhruv" name="springmvc.model.dao.UserDaoTest" tests="1" failures="0" timestamp="17 Feb 2016 07:44:45 GMT" time="0.015" errors="0">
  <testcase name="getUser" time="0.015" classname="springmvc.model.dao.UserDaoTest"/>
</testsuite> <!-- springmvc.model.dao.UserDaoTest -->
